{
"contracts\\BotiCoin.sol":{"l":{"9":5,"13":1,"17":1},"path":"C:\\Users\\ezeor\\TrabajoFinalModulo4\\simpleSwap\\contracts\\BotiCoin.sol","s":{"1":5,"2":1,"3":1},"b":{"1":[1,1]},"f":{"1":5,"2":1,"3":1},"fnMap":{"1":{"name":"constructor","line":8,"loc":{"start":{"line":8,"column":4},"end":{"line":10,"column":4}}},"2":{"name":"mint","line":12,"loc":{"start":{"line":12,"column":4},"end":{"line":14,"column":4}}},"3":{"name":"burn","line":16,"loc":{"start":{"line":16,"column":4},"end":{"line":18,"column":4}}}},"statementMap":{"1":{"start":{"line":9,"column":8},"end":{"line":9,"column":56}},"2":{"start":{"line":13,"column":8},"end":{"line":13,"column":24}},"3":{"start":{"line":17,"column":8},"end":{"line":17,"column":32}}},"branchMap":{"1":{"line":12,"type":"if","locations":[{"start":{"line":12,"column":55},"end":{"line":12,"column":55}},{"start":{"line":12,"column":55},"end":{"line":12,"column":55}}]}}},
"contracts\\Faucet.sol":{"l":{"30":0,"31":0,"35":0,"36":0,"37":0,"38":0,"39":0,"43":0,"44":0,"45":0,"47":0,"48":0,"49":0,"51":0,"55":0,"56":0,"58":0,"59":0,"61":0,"65":0,"66":0,"70":0,"71":0,"72":0,"76":0,"77":0},"path":"C:\\Users\\ezeor\\TrabajoFinalModulo4\\simpleSwap\\contracts\\Faucet.sol","s":{"1":0,"2":0,"3":0,"4":0,"5":0,"6":0,"7":0,"8":0,"9":0,"10":0,"11":0,"12":0,"13":0,"14":0,"15":0,"16":0},"b":{"1":[0,0],"2":[0,0],"3":[0,0],"4":[0,0],"5":[0,0],"6":[0,0],"7":[0,0],"8":[0,0],"9":[0,0],"10":[0,0],"11":[0,0],"12":[0,0],"13":[0,0],"14":[0,0],"15":[0,0]},"f":{"1":0,"2":0,"3":0,"4":0,"5":0,"6":0,"7":0},"fnMap":{"1":{"name":"onlyOwner","line":29,"loc":{"start":{"line":29,"column":4},"end":{"line":32,"column":4}}},"2":{"name":"constructor","line":34,"loc":{"start":{"line":34,"column":4},"end":{"line":40,"column":4}}},"3":{"name":"claim","line":42,"loc":{"start":{"line":42,"column":4},"end":{"line":52,"column":4}}},"4":{"name":"withdrawTokens","line":54,"loc":{"start":{"line":54,"column":4},"end":{"line":62,"column":4}}},"5":{"name":"loadTokens","line":64,"loc":{"start":{"line":64,"column":4},"end":{"line":67,"column":4}}},"6":{"name":"setClaimAmounts","line":69,"loc":{"start":{"line":69,"column":4},"end":{"line":73,"column":4}}},"7":{"name":"setCooldown","line":75,"loc":{"start":{"line":75,"column":4},"end":{"line":78,"column":4}}}},"statementMap":{"1":{"start":{"line":30,"column":8},"end":{"line":30,"column":48}},"2":{"start":{"line":43,"column":8},"end":{"line":43,"column":88}},"3":{"start":{"line":44,"column":8},"end":{"line":44,"column":90}},"4":{"start":{"line":45,"column":8},"end":{"line":45,"column":90}},"5":{"start":{"line":48,"column":8},"end":{"line":48,"column":87}},"6":{"start":{"line":49,"column":8},"end":{"line":49,"column":87}},"7":{"start":{"line":51,"column":8},"end":{"line":51,"column":72}},"8":{"start":{"line":55,"column":8},"end":{"line":55,"column":60}},"9":{"start":{"line":56,"column":8},"end":{"line":56,"column":60}},"10":{"start":{"line":58,"column":8},"end":{"line":58,"column":71}},"11":{"start":{"line":59,"column":8},"end":{"line":59,"column":71}},"12":{"start":{"line":61,"column":8},"end":{"line":61,"column":50}},"13":{"start":{"line":65,"column":8},"end":{"line":65,"column":97}},"14":{"start":{"line":66,"column":8},"end":{"line":66,"column":97}},"15":{"start":{"line":72,"column":8},"end":{"line":72,"column":56}},"16":{"start":{"line":77,"column":8},"end":{"line":77,"column":39}}},"branchMap":{"1":{"line":30,"type":"if","locations":[{"start":{"line":30,"column":8},"end":{"line":30,"column":8}},{"start":{"line":30,"column":8},"end":{"line":30,"column":8}}]},"2":{"line":42,"type":"if","locations":[{"start":{"line":42,"column":30},"end":{"line":42,"column":30}},{"start":{"line":42,"column":30},"end":{"line":42,"column":30}}]},"3":{"line":43,"type":"if","locations":[{"start":{"line":43,"column":8},"end":{"line":43,"column":8}},{"start":{"line":43,"column":8},"end":{"line":43,"column":8}}]},"4":{"line":44,"type":"if","locations":[{"start":{"line":44,"column":8},"end":{"line":44,"column":8}},{"start":{"line":44,"column":8},"end":{"line":44,"column":8}}]},"5":{"line":45,"type":"if","locations":[{"start":{"line":45,"column":8},"end":{"line":45,"column":8}},{"start":{"line":45,"column":8},"end":{"line":45,"column":8}}]},"6":{"line":48,"type":"if","locations":[{"start":{"line":48,"column":8},"end":{"line":48,"column":8}},{"start":{"line":48,"column":8},"end":{"line":48,"column":8}}]},"7":{"line":49,"type":"if","locations":[{"start":{"line":49,"column":8},"end":{"line":49,"column":8}},{"start":{"line":49,"column":8},"end":{"line":49,"column":8}}]},"8":{"line":54,"type":"if","locations":[{"start":{"line":54,"column":49},"end":{"line":54,"column":49}},{"start":{"line":54,"column":49},"end":{"line":54,"column":49}}]},"9":{"line":58,"type":"if","locations":[{"start":{"line":58,"column":8},"end":{"line":58,"column":8}},{"start":{"line":58,"column":8},"end":{"line":58,"column":8}}]},"10":{"line":59,"type":"if","locations":[{"start":{"line":59,"column":8},"end":{"line":59,"column":8}},{"start":{"line":59,"column":8},"end":{"line":59,"column":8}}]},"11":{"line":64,"type":"if","locations":[{"start":{"line":64,"column":73},"end":{"line":64,"column":73}},{"start":{"line":64,"column":73},"end":{"line":64,"column":73}}]},"12":{"line":65,"type":"if","locations":[{"start":{"line":65,"column":8},"end":{"line":65,"column":8}},{"start":{"line":65,"column":8},"end":{"line":65,"column":8}}]},"13":{"line":66,"type":"if","locations":[{"start":{"line":66,"column":8},"end":{"line":66,"column":8}},{"start":{"line":66,"column":8},"end":{"line":66,"column":8}}]},"14":{"line":69,"type":"if","locations":[{"start":{"line":69,"column":78},"end":{"line":69,"column":78}},{"start":{"line":69,"column":78},"end":{"line":69,"column":78}}]},"15":{"line":75,"type":"if","locations":[{"start":{"line":75,"column":53},"end":{"line":75,"column":53}},{"start":{"line":75,"column":53},"end":{"line":75,"column":53}}]}}},
"contracts\\Lock.sol":{"l":{"14":2,"19":1,"20":1,"27":5,"28":4,"30":3,"32":3},"path":"C:\\Users\\ezeor\\TrabajoFinalModulo4\\simpleSwap\\contracts\\Lock.sol","s":{"1":2,"2":5,"3":4,"4":3,"5":3},"b":{"1":[1,1],"2":[4,1],"3":[3,1]},"f":{"1":2,"2":5},"fnMap":{"1":{"name":"constructor","line":13,"loc":{"start":{"line":13,"column":4},"end":{"line":21,"column":4}}},"2":{"name":"withdraw","line":23,"loc":{"start":{"line":23,"column":4},"end":{"line":33,"column":4}}}},"statementMap":{"1":{"start":{"line":14,"column":8},"end":{"line":14,"column":328}},"2":{"start":{"line":27,"column":8},"end":{"line":27,"column":71}},"3":{"start":{"line":28,"column":8},"end":{"line":28,"column":59}},"4":{"start":{"line":30,"column":8},"end":{"line":30,"column":63}},"5":{"start":{"line":32,"column":8},"end":{"line":32,"column":44}}},"branchMap":{"1":{"line":14,"type":"if","locations":[{"start":{"line":14,"column":8},"end":{"line":14,"column":8}},{"start":{"line":14,"column":8},"end":{"line":14,"column":8}}]},"2":{"line":27,"type":"if","locations":[{"start":{"line":27,"column":8},"end":{"line":27,"column":8}},{"start":{"line":27,"column":8},"end":{"line":27,"column":8}}]},"3":{"line":28,"type":"if","locations":[{"start":{"line":28,"column":8},"end":{"line":28,"column":8}},{"start":{"line":28,"column":8},"end":{"line":28,"column":8}}]}}},
"contracts\\PepaCoin.sol":{"l":{"9":6,"13":1,"17":1},"path":"C:\\Users\\ezeor\\TrabajoFinalModulo4\\simpleSwap\\contracts\\PepaCoin.sol","s":{"1":6,"2":1,"3":1},"b":{"1":[1,1]},"f":{"1":6,"2":1,"3":1},"fnMap":{"1":{"name":"constructor","line":8,"loc":{"start":{"line":8,"column":4},"end":{"line":10,"column":4}}},"2":{"name":"mint","line":12,"loc":{"start":{"line":12,"column":4},"end":{"line":14,"column":4}}},"3":{"name":"burn","line":16,"loc":{"start":{"line":16,"column":4},"end":{"line":18,"column":4}}}},"statementMap":{"1":{"start":{"line":9,"column":8},"end":{"line":9,"column":56}},"2":{"start":{"line":13,"column":8},"end":{"line":13,"column":24}},"3":{"start":{"line":17,"column":8},"end":{"line":17,"column":32}}},"branchMap":{"1":{"line":12,"type":"if","locations":[{"start":{"line":12,"column":55},"end":{"line":12,"column":55}},{"start":{"line":12,"column":55},"end":{"line":12,"column":55}}]}}},
"contracts\\TrabajoPracticoModulo3.sol":{"l":{"25":0,"26":0,"39":0,"40":0,"42":0,"43":0,"45":0,"54":0,"55":0,"57":0,"59":0,"65":0,"66":0,"78":0,"80":0,"81":0,"83":0,"84":0,"86":0,"87":0,"89":0,"91":0,"93":0,"99":0,"100":0,"102":0,"112":0,"114":0,"115":0,"117":0,"118":0,"119":0,"120":0,"122":0,"126":0,"128":0,"129":0,"135":0,"142":0,"145":0,"147":0,"148":0,"150":0,"156":0,"157":0,"161":0,"162":0,"164":0,"166":0,"167":0,"168":0,"179":0,"180":0,"183":0,"184":0,"185":0,"186":0,"189":0,"190":0,"191":0,"200":0,"201":0,"203":0,"204":0,"205":0,"207":0,"211":0,"212":0,"213":0,"214":0,"215":0,"216":0,"221":0,"222":0,"226":0,"227":0},"path":"C:\\Users\\ezeor\\TrabajoFinalModulo4\\simpleSwap\\contracts\\TrabajoPracticoModulo3.sol","s":{"1":0,"2":0,"3":0,"4":0,"5":0,"6":0,"7":0,"8":0,"9":0,"10":0,"11":0,"12":0,"13":0,"14":0,"15":0,"16":0,"17":0,"18":0,"19":0,"20":0,"21":0,"22":0,"23":0,"24":0,"25":0,"26":0,"27":0,"28":0,"29":0,"30":0,"31":0,"32":0,"33":0,"34":0,"35":0,"36":0,"37":0,"38":0,"39":0,"40":0,"41":0,"42":0,"43":0,"44":0,"45":0,"46":0,"47":0,"48":0,"49":0,"50":0,"51":0,"52":0,"53":0,"54":0,"55":0,"56":0,"57":0,"58":0},"b":{"1":[0,0],"2":[0,0],"3":[0,0],"4":[0,0],"5":[0,0],"6":[0,0],"7":[0,0],"8":[0,0],"9":[0,0],"10":[0,0],"11":[0,0],"12":[0,0],"13":[0,0],"14":[0,0],"15":[0,0],"16":[0,0],"17":[0,0],"18":[0,0],"19":[0,0],"20":[0,0],"21":[0,0],"22":[0,0],"23":[0,0],"24":[0,0],"25":[0,0],"26":[0,0],"27":[0,0],"28":[0,0],"29":[0,0],"30":[0,0],"31":[0,0],"32":[0,0],"33":[0,0]},"f":{"1":0,"2":0,"3":0,"4":0,"5":0,"6":0,"7":0,"8":0,"9":0,"10":0,"11":0},"fnMap":{"1":{"name":"checkDeadline","line":24,"loc":{"start":{"line":24,"column":4},"end":{"line":27,"column":4}}},"2":{"name":"addLiquidity","line":38,"loc":{"start":{"line":29,"column":4},"end":{"line":67,"column":4}}},"3":{"name":"removeLiquidity","line":77,"loc":{"start":{"line":69,"column":4},"end":{"line":103,"column":4}}},"4":{"name":"swapExactTokensForTokens","line":111,"loc":{"start":{"line":105,"column":4},"end":{"line":151,"column":4}}},"5":{"name":"getAmountOut","line":153,"loc":{"start":{"line":153,"column":4},"end":{"line":158,"column":4}}},"6":{"name":"getPrice","line":160,"loc":{"start":{"line":160,"column":4},"end":{"line":169,"column":4}}},"7":{"name":"_calculateLiquidityAmounts","line":171,"loc":{"start":{"line":171,"column":4},"end":{"line":192,"column":4}}},"8":{"name":"_calculateLiquidity","line":194,"loc":{"start":{"line":194,"column":4},"end":{"line":208,"column":4}}},"9":{"name":"sqrt","line":210,"loc":{"start":{"line":210,"column":4},"end":{"line":218,"column":4}}},"10":{"name":"_safeTransfer","line":220,"loc":{"start":{"line":220,"column":4},"end":{"line":223,"column":4}}},"11":{"name":"_safeTransferFrom","line":225,"loc":{"start":{"line":225,"column":4},"end":{"line":228,"column":4}}}},"statementMap":{"1":{"start":{"line":25,"column":8},"end":{"line":25,"column":71}},"2":{"start":{"line":39,"column":8},"end":{"line":39,"column":69}},"3":{"start":{"line":40,"column":8},"end":{"line":40,"column":75}},"4":{"start":{"line":42,"column":8},"end":{"line":42,"column":96}},"5":{"start":{"line":43,"column":8},"end":{"line":43,"column":48}},"6":{"start":{"line":54,"column":8},"end":{"line":54,"column":68}},"7":{"start":{"line":55,"column":8},"end":{"line":55,"column":68}},"8":{"start":{"line":65,"column":8},"end":{"line":65,"column":27}},"9":{"start":{"line":66,"column":8},"end":{"line":66,"column":84}},"10":{"start":{"line":78,"column":8},"end":{"line":78,"column":69}},"11":{"start":{"line":80,"column":8},"end":{"line":80,"column":96}},"12":{"start":{"line":81,"column":8},"end":{"line":81,"column":48}},"13":{"start":{"line":83,"column":8},"end":{"line":83,"column":44}},"14":{"start":{"line":84,"column":8},"end":{"line":84,"column":112}},"15":{"start":{"line":89,"column":8},"end":{"line":89,"column":86}},"16":{"start":{"line":91,"column":8},"end":{"line":91,"column":35}},"17":{"start":{"line":99,"column":8},"end":{"line":99,"column":41}},"18":{"start":{"line":100,"column":8},"end":{"line":100,"column":41}},"19":{"start":{"line":102,"column":8},"end":{"line":102,"column":75}},"20":{"start":{"line":112,"column":8},"end":{"line":112,"column":69}},"21":{"start":{"line":117,"column":8},"end":{"line":117,"column":4291}},"22":{"start":{"line":118,"column":12},"end":{"line":118,"column":72}},"23":{"start":{"line":119,"column":12},"end":{"line":119,"column":109}},"24":{"start":{"line":120,"column":12},"end":{"line":120,"column":52}},"25":{"start":{"line":122,"column":12},"end":{"line":122,"column":4628}},"26":{"start":{"line":128,"column":12},"end":{"line":128,"column":4851}},"27":{"start":{"line":145,"column":8},"end":{"line":145,"column":82}},"28":{"start":{"line":147,"column":8},"end":{"line":147,"column":72}},"29":{"start":{"line":148,"column":8},"end":{"line":148,"column":76}},"30":{"start":{"line":150,"column":8},"end":{"line":150,"column":102}},"31":{"start":{"line":156,"column":8},"end":{"line":156,"column":55}},"32":{"start":{"line":161,"column":8},"end":{"line":161,"column":96}},"33":{"start":{"line":162,"column":8},"end":{"line":162,"column":48}},"34":{"start":{"line":164,"column":8},"end":{"line":164,"column":89}},"35":{"start":{"line":166,"column":8},"end":{"line":166,"column":75}},"36":{"start":{"line":167,"column":8},"end":{"line":167,"column":75}},"37":{"start":{"line":168,"column":8},"end":{"line":168,"column":43}},"38":{"start":{"line":179,"column":8},"end":{"line":179,"column":6881}},"39":{"start":{"line":180,"column":12},"end":{"line":180,"column":51}},"40":{"start":{"line":183,"column":8},"end":{"line":183,"column":71}},"41":{"start":{"line":184,"column":8},"end":{"line":184,"column":7069}},"42":{"start":{"line":185,"column":12},"end":{"line":185,"column":66}},"43":{"start":{"line":186,"column":12},"end":{"line":186,"column":51}},"44":{"start":{"line":189,"column":8},"end":{"line":189,"column":71}},"45":{"start":{"line":190,"column":8},"end":{"line":190,"column":62}},"46":{"start":{"line":191,"column":8},"end":{"line":191,"column":47}},"47":{"start":{"line":200,"column":8},"end":{"line":200,"column":7645}},"48":{"start":{"line":204,"column":12},"end":{"line":204,"column":69}},"49":{"start":{"line":205,"column":12},"end":{"line":205,"column":62}},"50":{"start":{"line":207,"column":8},"end":{"line":207,"column":55}},"51":{"start":{"line":211,"column":8},"end":{"line":211,"column":28}},"52":{"start":{"line":211,"column":20},"end":{"line":211,"column":28}},"53":{"start":{"line":212,"column":8},"end":{"line":212,"column":31}},"54":{"start":{"line":214,"column":8},"end":{"line":214,"column":8174}},"55":{"start":{"line":221,"column":8},"end":{"line":221,"column":115}},"56":{"start":{"line":222,"column":8},"end":{"line":222,"column":92}},"57":{"start":{"line":226,"column":8},"end":{"line":226,"column":125}},"58":{"start":{"line":227,"column":8},"end":{"line":227,"column":96}}},"branchMap":{"1":{"line":25,"type":"if","locations":[{"start":{"line":25,"column":8},"end":{"line":25,"column":8}},{"start":{"line":25,"column":8},"end":{"line":25,"column":8}}]},"2":{"line":25,"type":"cond-expr","locations":[{"start":{"line":25,"column":16},"end":{"line":25,"column":28}},{"start":{"line":25,"column":33},"end":{"line":25,"column":59}}]},"3":{"line":38,"type":"if","locations":[{"start":{"line":38,"column":15},"end":{"line":38,"column":15}},{"start":{"line":38,"column":15},"end":{"line":38,"column":15}}]},"4":{"line":39,"type":"if","locations":[{"start":{"line":39,"column":8},"end":{"line":39,"column":8}},{"start":{"line":39,"column":8},"end":{"line":39,"column":8}}]},"5":{"line":40,"type":"if","locations":[{"start":{"line":40,"column":8},"end":{"line":40,"column":8}},{"start":{"line":40,"column":8},"end":{"line":40,"column":8}}]},"6":{"line":42,"type":"if","locations":[{"start":{"line":42,"column":61},"end":{"line":42,"column":76}},{"start":{"line":42,"column":80},"end":{"line":42,"column":95}}]},"7":{"line":77,"type":"if","locations":[{"start":{"line":77,"column":15},"end":{"line":77,"column":15}},{"start":{"line":77,"column":15},"end":{"line":77,"column":15}}]},"8":{"line":78,"type":"if","locations":[{"start":{"line":78,"column":8},"end":{"line":78,"column":8}},{"start":{"line":78,"column":8},"end":{"line":78,"column":8}}]},"9":{"line":80,"type":"if","locations":[{"start":{"line":80,"column":61},"end":{"line":80,"column":76}},{"start":{"line":80,"column":80},"end":{"line":80,"column":95}}]},"10":{"line":84,"type":"if","locations":[{"start":{"line":84,"column":8},"end":{"line":84,"column":8}},{"start":{"line":84,"column":8},"end":{"line":84,"column":8}}]},"11":{"line":89,"type":"if","locations":[{"start":{"line":89,"column":8},"end":{"line":89,"column":8}},{"start":{"line":89,"column":8},"end":{"line":89,"column":8}}]},"12":{"line":111,"type":"if","locations":[{"start":{"line":111,"column":15},"end":{"line":111,"column":15}},{"start":{"line":111,"column":15},"end":{"line":111,"column":15}}]},"13":{"line":112,"type":"if","locations":[{"start":{"line":112,"column":8},"end":{"line":112,"column":8}},{"start":{"line":112,"column":8},"end":{"line":112,"column":8}}]},"14":{"line":119,"type":"if","locations":[{"start":{"line":119,"column":68},"end":{"line":119,"column":86}},{"start":{"line":119,"column":90},"end":{"line":119,"column":108}}]},"15":{"line":123,"type":"if","locations":[{"start":{"line":123,"column":18},"end":{"line":123,"column":47}},{"start":{"line":124,"column":18},"end":{"line":124,"column":47}}]},"16":{"line":128,"type":"if","locations":[{"start":{"line":128,"column":12},"end":{"line":128,"column":12}},{"start":{"line":128,"column":12},"end":{"line":128,"column":12}}]},"17":{"line":145,"type":"if","locations":[{"start":{"line":145,"column":8},"end":{"line":145,"column":8}},{"start":{"line":145,"column":8},"end":{"line":145,"column":8}}]},"18":{"line":161,"type":"if","locations":[{"start":{"line":161,"column":61},"end":{"line":161,"column":76}},{"start":{"line":161,"column":80},"end":{"line":161,"column":95}}]},"19":{"line":164,"type":"if","locations":[{"start":{"line":164,"column":8},"end":{"line":164,"column":8}},{"start":{"line":164,"column":8},"end":{"line":164,"column":8}}]},"20":{"line":166,"type":"if","locations":[{"start":{"line":166,"column":46},"end":{"line":166,"column":58}},{"start":{"line":166,"column":62},"end":{"line":166,"column":74}}]},"21":{"line":167,"type":"if","locations":[{"start":{"line":167,"column":46},"end":{"line":167,"column":58}},{"start":{"line":167,"column":62},"end":{"line":167,"column":74}}]},"22":{"line":179,"type":"if","locations":[{"start":{"line":179,"column":8},"end":{"line":179,"column":8}},{"start":{"line":179,"column":8},"end":{"line":179,"column":8}}]},"23":{"line":184,"type":"if","locations":[{"start":{"line":184,"column":8},"end":{"line":184,"column":8}},{"start":{"line":184,"column":8},"end":{"line":184,"column":8}}]},"24":{"line":185,"type":"if","locations":[{"start":{"line":185,"column":12},"end":{"line":185,"column":12}},{"start":{"line":185,"column":12},"end":{"line":185,"column":12}}]},"25":{"line":190,"type":"if","locations":[{"start":{"line":190,"column":8},"end":{"line":190,"column":8}},{"start":{"line":190,"column":8},"end":{"line":190,"column":8}}]},"26":{"line":200,"type":"if","locations":[{"start":{"line":200,"column":8},"end":{"line":200,"column":8}},{"start":{"line":200,"column":8},"end":{"line":200,"column":8}}]},"27":{"line":205,"type":"if","locations":[{"start":{"line":205,"column":12},"end":{"line":205,"column":12}},{"start":{"line":205,"column":12},"end":{"line":205,"column":12}}]},"28":{"line":207,"type":"if","locations":[{"start":{"line":207,"column":8},"end":{"line":207,"column":8}},{"start":{"line":207,"column":8},"end":{"line":207,"column":8}}]},"29":{"line":211,"type":"if","locations":[{"start":{"line":211,"column":8},"end":{"line":211,"column":8}},{"start":{"line":211,"column":8},"end":{"line":211,"column":8}}]},"30":{"line":222,"type":"if","locations":[{"start":{"line":222,"column":8},"end":{"line":222,"column":8}},{"start":{"line":222,"column":8},"end":{"line":222,"column":8}}]},"31":{"line":222,"type":"cond-expr","locations":[{"start":{"line":222,"column":28},"end":{"line":222,"column":43}},{"start":{"line":222,"column":48},"end":{"line":222,"column":71}}]},"32":{"line":227,"type":"if","locations":[{"start":{"line":227,"column":8},"end":{"line":227,"column":8}},{"start":{"line":227,"column":8},"end":{"line":227,"column":8}}]},"33":{"line":227,"type":"cond-expr","locations":[{"start":{"line":227,"column":28},"end":{"line":227,"column":43}},{"start":{"line":227,"column":48},"end":{"line":227,"column":71}}]}}}}
