{
"contracts\\BotiCoin.sol":{"l":{"9":7,"13":7,"17":0},"path":"C:\\Users\\ezeor\\TrabajoFinalModulo4\\simpleSwap\\contracts\\BotiCoin.sol","s":{"1":7,"2":7,"3":0},"b":{"1":[7,0]},"f":{"1":7,"2":7,"3":0},"fnMap":{"1":{"name":"constructor","line":8,"loc":{"start":{"line":8,"column":4},"end":{"line":10,"column":4}}},"2":{"name":"mint","line":12,"loc":{"start":{"line":12,"column":4},"end":{"line":14,"column":4}}},"3":{"name":"burn","line":16,"loc":{"start":{"line":16,"column":4},"end":{"line":18,"column":4}}}},"statementMap":{"1":{"start":{"line":9,"column":8},"end":{"line":9,"column":56}},"2":{"start":{"line":13,"column":8},"end":{"line":13,"column":24}},"3":{"start":{"line":17,"column":8},"end":{"line":17,"column":32}}},"branchMap":{"1":{"line":12,"type":"if","locations":[{"start":{"line":12,"column":55},"end":{"line":12,"column":55}},{"start":{"line":12,"column":55},"end":{"line":12,"column":55}}]}}},
"contracts\\Lock.sol":{"l":{"14":2,"19":1,"20":1,"27":5,"28":4,"30":3,"32":3},"path":"C:\\Users\\ezeor\\TrabajoFinalModulo4\\simpleSwap\\contracts\\Lock.sol","s":{"1":2,"2":5,"3":4,"4":3,"5":3},"b":{"1":[1,1],"2":[4,1],"3":[3,1]},"f":{"1":2,"2":5},"fnMap":{"1":{"name":"constructor","line":13,"loc":{"start":{"line":13,"column":4},"end":{"line":21,"column":4}}},"2":{"name":"withdraw","line":23,"loc":{"start":{"line":23,"column":4},"end":{"line":33,"column":4}}}},"statementMap":{"1":{"start":{"line":14,"column":8},"end":{"line":14,"column":328}},"2":{"start":{"line":27,"column":8},"end":{"line":27,"column":71}},"3":{"start":{"line":28,"column":8},"end":{"line":28,"column":59}},"4":{"start":{"line":30,"column":8},"end":{"line":30,"column":63}},"5":{"start":{"line":32,"column":8},"end":{"line":32,"column":44}}},"branchMap":{"1":{"line":14,"type":"if","locations":[{"start":{"line":14,"column":8},"end":{"line":14,"column":8}},{"start":{"line":14,"column":8},"end":{"line":14,"column":8}}]},"2":{"line":27,"type":"if","locations":[{"start":{"line":27,"column":8},"end":{"line":27,"column":8}},{"start":{"line":27,"column":8},"end":{"line":27,"column":8}}]},"3":{"line":28,"type":"if","locations":[{"start":{"line":28,"column":8},"end":{"line":28,"column":8}},{"start":{"line":28,"column":8},"end":{"line":28,"column":8}}]}}},
"contracts\\PepaCoin.sol":{"l":{"9":7,"13":7,"17":0},"path":"C:\\Users\\ezeor\\TrabajoFinalModulo4\\simpleSwap\\contracts\\PepaCoin.sol","s":{"1":7,"2":7,"3":0},"b":{"1":[7,0]},"f":{"1":7,"2":7,"3":0},"fnMap":{"1":{"name":"constructor","line":8,"loc":{"start":{"line":8,"column":4},"end":{"line":10,"column":4}}},"2":{"name":"mint","line":12,"loc":{"start":{"line":12,"column":4},"end":{"line":14,"column":4}}},"3":{"name":"burn","line":16,"loc":{"start":{"line":16,"column":4},"end":{"line":18,"column":4}}}},"statementMap":{"1":{"start":{"line":9,"column":8},"end":{"line":9,"column":56}},"2":{"start":{"line":13,"column":8},"end":{"line":13,"column":24}},"3":{"start":{"line":17,"column":8},"end":{"line":17,"column":32}}},"branchMap":{"1":{"line":12,"type":"if","locations":[{"start":{"line":12,"column":55},"end":{"line":12,"column":55}},{"start":{"line":12,"column":55},"end":{"line":12,"column":55}}]}}},
"contracts\\simpleSwap.sol":{"l":{"25":8,"26":7,"39":4,"40":4,"42":4,"43":4,"45":4,"54":4,"55":4,"57":4,"59":4,"65":4,"66":4,"78":2,"80":2,"81":2,"83":2,"84":2,"86":1,"87":1,"89":1,"91":1,"93":1,"99":1,"100":1,"102":1,"112":1,"114":1,"115":1,"117":1,"118":1,"119":1,"120":1,"122":1,"126":1,"128":1,"129":0,"135":1,"142":1,"145":1,"147":1,"148":1,"150":1,"156":1,"157":1,"161":2,"162":2,"164":2,"166":1,"167":1,"168":1,"179":4,"180":4,"183":0,"184":0,"185":0,"186":0,"189":0,"190":0,"191":0,"200":4,"201":4,"203":0,"204":0,"205":0,"207":4,"211":4,"212":4,"213":4,"214":4,"215":293,"216":293,"221":3,"222":3,"226":9,"227":9},"path":"C:\\Users\\ezeor\\TrabajoFinalModulo4\\simpleSwap\\contracts\\simpleSwap.sol","s":{"1":8,"2":4,"3":4,"4":4,"5":4,"6":4,"7":4,"8":4,"9":4,"10":2,"11":2,"12":2,"13":2,"14":2,"15":1,"16":1,"17":1,"18":1,"19":1,"20":1,"21":1,"22":1,"23":1,"24":1,"25":1,"26":1,"27":1,"28":1,"29":1,"30":1,"31":1,"32":2,"33":2,"34":2,"35":1,"36":1,"37":1,"38":4,"39":4,"40":0,"41":0,"42":0,"43":0,"44":0,"45":0,"46":0,"47":4,"48":0,"49":0,"50":4,"51":4,"52":0,"53":4,"54":4,"55":3,"56":3,"57":9,"58":9},"b":{"1":[7,1],"2":[0,7],"3":[4,0],"4":[4,0],"5":[4,0],"6":[2,2],"7":[2,0],"8":[2,0],"9":[1,1],"10":[1,1],"11":[1,0],"12":[1,1],"13":[1,0],"14":[0,1],"15":[0,1],"16":[0,1],"17":[1,0],"18":[1,1],"19":[1,1],"20":[1,0],"21":[1,0],"22":[4,0],"23":[0,0],"24":[0,0],"25":[0,0],"26":[4,0],"27":[0,0],"28":[4,0],"29":[0,4],"30":[3,0],"31":[0,3],"32":[9,0],"33":[0,9]},"f":{"1":8,"2":4,"3":2,"4":1,"5":1,"6":2,"7":4,"8":4,"9":4,"10":3,"11":9},"fnMap":{"1":{"name":"checkDeadline","line":24,"loc":{"start":{"line":24,"column":4},"end":{"line":27,"column":4}}},"2":{"name":"addLiquidity","line":38,"loc":{"start":{"line":29,"column":4},"end":{"line":67,"column":4}}},"3":{"name":"removeLiquidity","line":77,"loc":{"start":{"line":69,"column":4},"end":{"line":103,"column":4}}},"4":{"name":"swapExactTokensForTokens","line":111,"loc":{"start":{"line":105,"column":4},"end":{"line":151,"column":4}}},"5":{"name":"getAmountOut","line":153,"loc":{"start":{"line":153,"column":4},"end":{"line":158,"column":4}}},"6":{"name":"getPrice","line":160,"loc":{"start":{"line":160,"column":4},"end":{"line":169,"column":4}}},"7":{"name":"_calculateLiquidityAmounts","line":171,"loc":{"start":{"line":171,"column":4},"end":{"line":192,"column":4}}},"8":{"name":"_calculateLiquidity","line":194,"loc":{"start":{"line":194,"column":4},"end":{"line":208,"column":4}}},"9":{"name":"sqrt","line":210,"loc":{"start":{"line":210,"column":4},"end":{"line":218,"column":4}}},"10":{"name":"_safeTransfer","line":220,"loc":{"start":{"line":220,"column":4},"end":{"line":223,"column":4}}},"11":{"name":"_safeTransferFrom","line":225,"loc":{"start":{"line":225,"column":4},"end":{"line":228,"column":4}}}},"statementMap":{"1":{"start":{"line":25,"column":8},"end":{"line":25,"column":71}},"2":{"start":{"line":39,"column":8},"end":{"line":39,"column":69}},"3":{"start":{"line":40,"column":8},"end":{"line":40,"column":75}},"4":{"start":{"line":42,"column":8},"end":{"line":42,"column":96}},"5":{"start":{"line":43,"column":8},"end":{"line":43,"column":48}},"6":{"start":{"line":54,"column":8},"end":{"line":54,"column":68}},"7":{"start":{"line":55,"column":8},"end":{"line":55,"column":68}},"8":{"start":{"line":65,"column":8},"end":{"line":65,"column":27}},"9":{"start":{"line":66,"column":8},"end":{"line":66,"column":84}},"10":{"start":{"line":78,"column":8},"end":{"line":78,"column":69}},"11":{"start":{"line":80,"column":8},"end":{"line":80,"column":96}},"12":{"start":{"line":81,"column":8},"end":{"line":81,"column":48}},"13":{"start":{"line":83,"column":8},"end":{"line":83,"column":44}},"14":{"start":{"line":84,"column":8},"end":{"line":84,"column":112}},"15":{"start":{"line":89,"column":8},"end":{"line":89,"column":86}},"16":{"start":{"line":91,"column":8},"end":{"line":91,"column":35}},"17":{"start":{"line":99,"column":8},"end":{"line":99,"column":41}},"18":{"start":{"line":100,"column":8},"end":{"line":100,"column":41}},"19":{"start":{"line":102,"column":8},"end":{"line":102,"column":75}},"20":{"start":{"line":112,"column":8},"end":{"line":112,"column":69}},"21":{"start":{"line":117,"column":8},"end":{"line":117,"column":4291}},"22":{"start":{"line":118,"column":12},"end":{"line":118,"column":72}},"23":{"start":{"line":119,"column":12},"end":{"line":119,"column":109}},"24":{"start":{"line":120,"column":12},"end":{"line":120,"column":52}},"25":{"start":{"line":122,"column":12},"end":{"line":122,"column":4628}},"26":{"start":{"line":128,"column":12},"end":{"line":128,"column":4851}},"27":{"start":{"line":145,"column":8},"end":{"line":145,"column":82}},"28":{"start":{"line":147,"column":8},"end":{"line":147,"column":72}},"29":{"start":{"line":148,"column":8},"end":{"line":148,"column":76}},"30":{"start":{"line":150,"column":8},"end":{"line":150,"column":102}},"31":{"start":{"line":156,"column":8},"end":{"line":156,"column":55}},"32":{"start":{"line":161,"column":8},"end":{"line":161,"column":96}},"33":{"start":{"line":162,"column":8},"end":{"line":162,"column":48}},"34":{"start":{"line":164,"column":8},"end":{"line":164,"column":89}},"35":{"start":{"line":166,"column":8},"end":{"line":166,"column":75}},"36":{"start":{"line":167,"column":8},"end":{"line":167,"column":75}},"37":{"start":{"line":168,"column":8},"end":{"line":168,"column":43}},"38":{"start":{"line":179,"column":8},"end":{"line":179,"column":6881}},"39":{"start":{"line":180,"column":12},"end":{"line":180,"column":51}},"40":{"start":{"line":183,"column":8},"end":{"line":183,"column":71}},"41":{"start":{"line":184,"column":8},"end":{"line":184,"column":7069}},"42":{"start":{"line":185,"column":12},"end":{"line":185,"column":66}},"43":{"start":{"line":186,"column":12},"end":{"line":186,"column":51}},"44":{"start":{"line":189,"column":8},"end":{"line":189,"column":71}},"45":{"start":{"line":190,"column":8},"end":{"line":190,"column":62}},"46":{"start":{"line":191,"column":8},"end":{"line":191,"column":47}},"47":{"start":{"line":200,"column":8},"end":{"line":200,"column":7645}},"48":{"start":{"line":204,"column":12},"end":{"line":204,"column":69}},"49":{"start":{"line":205,"column":12},"end":{"line":205,"column":62}},"50":{"start":{"line":207,"column":8},"end":{"line":207,"column":55}},"51":{"start":{"line":211,"column":8},"end":{"line":211,"column":28}},"52":{"start":{"line":211,"column":20},"end":{"line":211,"column":28}},"53":{"start":{"line":212,"column":8},"end":{"line":212,"column":31}},"54":{"start":{"line":214,"column":8},"end":{"line":214,"column":8174}},"55":{"start":{"line":221,"column":8},"end":{"line":221,"column":115}},"56":{"start":{"line":222,"column":8},"end":{"line":222,"column":92}},"57":{"start":{"line":226,"column":8},"end":{"line":226,"column":125}},"58":{"start":{"line":227,"column":8},"end":{"line":227,"column":96}}},"branchMap":{"1":{"line":25,"type":"if","locations":[{"start":{"line":25,"column":8},"end":{"line":25,"column":8}},{"start":{"line":25,"column":8},"end":{"line":25,"column":8}}]},"2":{"line":25,"type":"cond-expr","locations":[{"start":{"line":25,"column":16},"end":{"line":25,"column":28}},{"start":{"line":25,"column":33},"end":{"line":25,"column":59}}]},"3":{"line":38,"type":"if","locations":[{"start":{"line":38,"column":15},"end":{"line":38,"column":15}},{"start":{"line":38,"column":15},"end":{"line":38,"column":15}}]},"4":{"line":39,"type":"if","locations":[{"start":{"line":39,"column":8},"end":{"line":39,"column":8}},{"start":{"line":39,"column":8},"end":{"line":39,"column":8}}]},"5":{"line":40,"type":"if","locations":[{"start":{"line":40,"column":8},"end":{"line":40,"column":8}},{"start":{"line":40,"column":8},"end":{"line":40,"column":8}}]},"6":{"line":42,"type":"if","locations":[{"start":{"line":42,"column":61},"end":{"line":42,"column":76}},{"start":{"line":42,"column":80},"end":{"line":42,"column":95}}]},"7":{"line":77,"type":"if","locations":[{"start":{"line":77,"column":15},"end":{"line":77,"column":15}},{"start":{"line":77,"column":15},"end":{"line":77,"column":15}}]},"8":{"line":78,"type":"if","locations":[{"start":{"line":78,"column":8},"end":{"line":78,"column":8}},{"start":{"line":78,"column":8},"end":{"line":78,"column":8}}]},"9":{"line":80,"type":"if","locations":[{"start":{"line":80,"column":61},"end":{"line":80,"column":76}},{"start":{"line":80,"column":80},"end":{"line":80,"column":95}}]},"10":{"line":84,"type":"if","locations":[{"start":{"line":84,"column":8},"end":{"line":84,"column":8}},{"start":{"line":84,"column":8},"end":{"line":84,"column":8}}]},"11":{"line":89,"type":"if","locations":[{"start":{"line":89,"column":8},"end":{"line":89,"column":8}},{"start":{"line":89,"column":8},"end":{"line":89,"column":8}}]},"12":{"line":111,"type":"if","locations":[{"start":{"line":111,"column":15},"end":{"line":111,"column":15}},{"start":{"line":111,"column":15},"end":{"line":111,"column":15}}]},"13":{"line":112,"type":"if","locations":[{"start":{"line":112,"column":8},"end":{"line":112,"column":8}},{"start":{"line":112,"column":8},"end":{"line":112,"column":8}}]},"14":{"line":119,"type":"if","locations":[{"start":{"line":119,"column":68},"end":{"line":119,"column":86}},{"start":{"line":119,"column":90},"end":{"line":119,"column":108}}]},"15":{"line":123,"type":"if","locations":[{"start":{"line":123,"column":18},"end":{"line":123,"column":47}},{"start":{"line":124,"column":18},"end":{"line":124,"column":47}}]},"16":{"line":128,"type":"if","locations":[{"start":{"line":128,"column":12},"end":{"line":128,"column":12}},{"start":{"line":128,"column":12},"end":{"line":128,"column":12}}]},"17":{"line":145,"type":"if","locations":[{"start":{"line":145,"column":8},"end":{"line":145,"column":8}},{"start":{"line":145,"column":8},"end":{"line":145,"column":8}}]},"18":{"line":161,"type":"if","locations":[{"start":{"line":161,"column":61},"end":{"line":161,"column":76}},{"start":{"line":161,"column":80},"end":{"line":161,"column":95}}]},"19":{"line":164,"type":"if","locations":[{"start":{"line":164,"column":8},"end":{"line":164,"column":8}},{"start":{"line":164,"column":8},"end":{"line":164,"column":8}}]},"20":{"line":166,"type":"if","locations":[{"start":{"line":166,"column":46},"end":{"line":166,"column":58}},{"start":{"line":166,"column":62},"end":{"line":166,"column":74}}]},"21":{"line":167,"type":"if","locations":[{"start":{"line":167,"column":46},"end":{"line":167,"column":58}},{"start":{"line":167,"column":62},"end":{"line":167,"column":74}}]},"22":{"line":179,"type":"if","locations":[{"start":{"line":179,"column":8},"end":{"line":179,"column":8}},{"start":{"line":179,"column":8},"end":{"line":179,"column":8}}]},"23":{"line":184,"type":"if","locations":[{"start":{"line":184,"column":8},"end":{"line":184,"column":8}},{"start":{"line":184,"column":8},"end":{"line":184,"column":8}}]},"24":{"line":185,"type":"if","locations":[{"start":{"line":185,"column":12},"end":{"line":185,"column":12}},{"start":{"line":185,"column":12},"end":{"line":185,"column":12}}]},"25":{"line":190,"type":"if","locations":[{"start":{"line":190,"column":8},"end":{"line":190,"column":8}},{"start":{"line":190,"column":8},"end":{"line":190,"column":8}}]},"26":{"line":200,"type":"if","locations":[{"start":{"line":200,"column":8},"end":{"line":200,"column":8}},{"start":{"line":200,"column":8},"end":{"line":200,"column":8}}]},"27":{"line":205,"type":"if","locations":[{"start":{"line":205,"column":12},"end":{"line":205,"column":12}},{"start":{"line":205,"column":12},"end":{"line":205,"column":12}}]},"28":{"line":207,"type":"if","locations":[{"start":{"line":207,"column":8},"end":{"line":207,"column":8}},{"start":{"line":207,"column":8},"end":{"line":207,"column":8}}]},"29":{"line":211,"type":"if","locations":[{"start":{"line":211,"column":8},"end":{"line":211,"column":8}},{"start":{"line":211,"column":8},"end":{"line":211,"column":8}}]},"30":{"line":222,"type":"if","locations":[{"start":{"line":222,"column":8},"end":{"line":222,"column":8}},{"start":{"line":222,"column":8},"end":{"line":222,"column":8}}]},"31":{"line":222,"type":"cond-expr","locations":[{"start":{"line":222,"column":28},"end":{"line":222,"column":43}},{"start":{"line":222,"column":48},"end":{"line":222,"column":71}}]},"32":{"line":227,"type":"if","locations":[{"start":{"line":227,"column":8},"end":{"line":227,"column":8}},{"start":{"line":227,"column":8},"end":{"line":227,"column":8}}]},"33":{"line":227,"type":"cond-expr","locations":[{"start":{"line":227,"column":28},"end":{"line":227,"column":43}},{"start":{"line":227,"column":48},"end":{"line":227,"column":71}}]}}}}
