TN:
SF:C:\Users\ezeor\TrabajoFinalModulo4\simpleSwap\contracts\BotiCoin.sol
FN:8,constructor
FN:12,mint
FN:16,burn
FNF:3
FNH:3
FNDA:5,constructor
FNDA:1,mint
FNDA:1,burn
DA:9,5
DA:13,1
DA:17,1
LF:3
LH:3
BRDA:12,1,0,1
BRDA:12,1,1,1
BRF:2
BRH:2
end_of_record
TN:
SF:C:\Users\ezeor\TrabajoFinalModulo4\simpleSwap\contracts\Faucet.sol
FN:29,onlyOwner
FN:34,constructor
FN:42,claim
FN:54,withdrawTokens
FN:64,loadTokens
FN:69,setClaimAmounts
FN:75,setCooldown
FNF:7
FNH:0
FNDA:0,onlyOwner
FNDA:0,constructor
FNDA:0,claim
FNDA:0,withdrawTokens
FNDA:0,loadTokens
FNDA:0,setClaimAmounts
FNDA:0,setCooldown
DA:30,0
DA:31,0
DA:35,0
DA:36,0
DA:37,0
DA:38,0
DA:39,0
DA:43,0
DA:44,0
DA:45,0
DA:47,0
DA:48,0
DA:49,0
DA:51,0
DA:55,0
DA:56,0
DA:58,0
DA:59,0
DA:61,0
DA:65,0
DA:66,0
DA:70,0
DA:71,0
DA:72,0
DA:76,0
DA:77,0
LF:26
LH:0
BRDA:30,1,0,0
BRDA:30,1,1,0
BRDA:42,2,0,0
BRDA:42,2,1,0
BRDA:43,3,0,0
BRDA:43,3,1,0
BRDA:44,4,0,0
BRDA:44,4,1,0
BRDA:45,5,0,0
BRDA:45,5,1,0
BRDA:48,6,0,0
BRDA:48,6,1,0
BRDA:49,7,0,0
BRDA:49,7,1,0
BRDA:54,8,0,0
BRDA:54,8,1,0
BRDA:58,9,0,0
BRDA:58,9,1,0
BRDA:59,10,0,0
BRDA:59,10,1,0
BRDA:64,11,0,0
BRDA:64,11,1,0
BRDA:65,12,0,0
BRDA:65,12,1,0
BRDA:66,13,0,0
BRDA:66,13,1,0
BRDA:69,14,0,0
BRDA:69,14,1,0
BRDA:75,15,0,0
BRDA:75,15,1,0
BRF:30
BRH:0
end_of_record
TN:
SF:C:\Users\ezeor\TrabajoFinalModulo4\simpleSwap\contracts\Lock.sol
FN:13,constructor
FN:23,withdraw
FNF:2
FNH:2
FNDA:2,constructor
FNDA:5,withdraw
DA:14,2
DA:19,1
DA:20,1
DA:27,5
DA:28,4
DA:30,3
DA:32,3
LF:7
LH:7
BRDA:14,1,0,1
BRDA:14,1,1,1
BRDA:27,2,0,4
BRDA:27,2,1,1
BRDA:28,3,0,3
BRDA:28,3,1,1
BRF:6
BRH:6
end_of_record
TN:
SF:C:\Users\ezeor\TrabajoFinalModulo4\simpleSwap\contracts\PepaCoin.sol
FN:8,constructor
FN:12,mint
FN:16,burn
FNF:3
FNH:3
FNDA:6,constructor
FNDA:1,mint
FNDA:1,burn
DA:9,6
DA:13,1
DA:17,1
LF:3
LH:3
BRDA:12,1,0,1
BRDA:12,1,1,1
BRF:2
BRH:2
end_of_record
TN:
SF:C:\Users\ezeor\TrabajoFinalModulo4\simpleSwap\contracts\TrabajoPracticoModulo3.sol
FN:24,checkDeadline
FN:38,addLiquidity
FN:77,removeLiquidity
FN:111,swapExactTokensForTokens
FN:153,getAmountOut
FN:160,getPrice
FN:171,_calculateLiquidityAmounts
FN:194,_calculateLiquidity
FN:210,sqrt
FN:220,_safeTransfer
FN:225,_safeTransferFrom
FNF:11
FNH:0
FNDA:0,checkDeadline
FNDA:0,addLiquidity
FNDA:0,removeLiquidity
FNDA:0,swapExactTokensForTokens
FNDA:0,getAmountOut
FNDA:0,getPrice
FNDA:0,_calculateLiquidityAmounts
FNDA:0,_calculateLiquidity
FNDA:0,sqrt
FNDA:0,_safeTransfer
FNDA:0,_safeTransferFrom
DA:25,0
DA:26,0
DA:39,0
DA:40,0
DA:42,0
DA:43,0
DA:45,0
DA:54,0
DA:55,0
DA:57,0
DA:59,0
DA:65,0
DA:66,0
DA:78,0
DA:80,0
DA:81,0
DA:83,0
DA:84,0
DA:86,0
DA:87,0
DA:89,0
DA:91,0
DA:93,0
DA:99,0
DA:100,0
DA:102,0
DA:112,0
DA:114,0
DA:115,0
DA:117,0
DA:118,0
DA:119,0
DA:120,0
DA:122,0
DA:126,0
DA:128,0
DA:129,0
DA:135,0
DA:142,0
DA:145,0
DA:147,0
DA:148,0
DA:150,0
DA:156,0
DA:157,0
DA:161,0
DA:162,0
DA:164,0
DA:166,0
DA:167,0
DA:168,0
DA:179,0
DA:180,0
DA:183,0
DA:184,0
DA:185,0
DA:186,0
DA:189,0
DA:190,0
DA:191,0
DA:200,0
DA:201,0
DA:203,0
DA:204,0
DA:205,0
DA:207,0
DA:211,0
DA:212,0
DA:213,0
DA:214,0
DA:215,0
DA:216,0
DA:221,0
DA:222,0
DA:226,0
DA:227,0
LF:76
LH:0
BRDA:25,1,0,0
BRDA:25,1,1,0
BRDA:25,2,0,0
BRDA:25,2,1,0
BRDA:38,3,0,0
BRDA:38,3,1,0
BRDA:39,4,0,0
BRDA:39,4,1,0
BRDA:40,5,0,0
BRDA:40,5,1,0
BRDA:42,6,0,0
BRDA:42,6,1,0
BRDA:77,7,0,0
BRDA:77,7,1,0
BRDA:78,8,0,0
BRDA:78,8,1,0
BRDA:80,9,0,0
BRDA:80,9,1,0
BRDA:84,10,0,0
BRDA:84,10,1,0
BRDA:89,11,0,0
BRDA:89,11,1,0
BRDA:111,12,0,0
BRDA:111,12,1,0
BRDA:112,13,0,0
BRDA:112,13,1,0
BRDA:119,14,0,0
BRDA:119,14,1,0
BRDA:123,15,0,0
BRDA:123,15,1,0
BRDA:128,16,0,0
BRDA:128,16,1,0
BRDA:145,17,0,0
BRDA:145,17,1,0
BRDA:161,18,0,0
BRDA:161,18,1,0
BRDA:164,19,0,0
BRDA:164,19,1,0
BRDA:166,20,0,0
BRDA:166,20,1,0
BRDA:167,21,0,0
BRDA:167,21,1,0
BRDA:179,22,0,0
BRDA:179,22,1,0
BRDA:184,23,0,0
BRDA:184,23,1,0
BRDA:185,24,0,0
BRDA:185,24,1,0
BRDA:190,25,0,0
BRDA:190,25,1,0
BRDA:200,26,0,0
BRDA:200,26,1,0
BRDA:205,27,0,0
BRDA:205,27,1,0
BRDA:207,28,0,0
BRDA:207,28,1,0
BRDA:211,29,0,0
BRDA:211,29,1,0
BRDA:222,30,0,0
BRDA:222,30,1,0
BRDA:222,31,0,0
BRDA:222,31,1,0
BRDA:227,32,0,0
BRDA:227,32,1,0
BRDA:227,33,0,0
BRDA:227,33,1,0
BRF:66
BRH:0
end_of_record
