TN:
SF:C:\Users\ezeor\TrabajoFinalModulo4\simpleSwap\contracts\BotiCoin.sol
FN:8,constructor
FN:12,mint
FN:16,burn
FNF:3
FNH:2
FNDA:7,constructor
FNDA:7,mint
FNDA:0,burn
DA:9,7
DA:13,7
DA:17,0
LF:3
LH:2
BRDA:12,1,0,7
BRDA:12,1,1,0
BRF:2
BRH:1
end_of_record
TN:
SF:C:\Users\ezeor\TrabajoFinalModulo4\simpleSwap\contracts\Lock.sol
FN:13,constructor
FN:23,withdraw
FNF:2
FNH:2
FNDA:2,constructor
FNDA:5,withdraw
DA:14,2
DA:19,1
DA:20,1
DA:27,5
DA:28,4
DA:30,3
DA:32,3
LF:7
LH:7
BRDA:14,1,0,1
BRDA:14,1,1,1
BRDA:27,2,0,4
BRDA:27,2,1,1
BRDA:28,3,0,3
BRDA:28,3,1,1
BRF:6
BRH:6
end_of_record
TN:
SF:C:\Users\ezeor\TrabajoFinalModulo4\simpleSwap\contracts\PepaCoin.sol
FN:8,constructor
FN:12,mint
FN:16,burn
FNF:3
FNH:2
FNDA:7,constructor
FNDA:7,mint
FNDA:0,burn
DA:9,7
DA:13,7
DA:17,0
LF:3
LH:2
BRDA:12,1,0,7
BRDA:12,1,1,0
BRF:2
BRH:1
end_of_record
TN:
SF:C:\Users\ezeor\TrabajoFinalModulo4\simpleSwap\contracts\simpleSwap.sol
FN:24,checkDeadline
FN:38,addLiquidity
FN:77,removeLiquidity
FN:111,swapExactTokensForTokens
FN:153,getAmountOut
FN:160,getPrice
FN:171,_calculateLiquidityAmounts
FN:194,_calculateLiquidity
FN:210,sqrt
FN:220,_safeTransfer
FN:225,_safeTransferFrom
FNF:11
FNH:11
FNDA:8,checkDeadline
FNDA:4,addLiquidity
FNDA:2,removeLiquidity
FNDA:1,swapExactTokensForTokens
FNDA:1,getAmountOut
FNDA:2,getPrice
FNDA:4,_calculateLiquidityAmounts
FNDA:4,_calculateLiquidity
FNDA:4,sqrt
FNDA:3,_safeTransfer
FNDA:9,_safeTransferFrom
DA:25,8
DA:26,7
DA:39,4
DA:40,4
DA:42,4
DA:43,4
DA:45,4
DA:54,4
DA:55,4
DA:57,4
DA:59,4
DA:65,4
DA:66,4
DA:78,2
DA:80,2
DA:81,2
DA:83,2
DA:84,2
DA:86,1
DA:87,1
DA:89,1
DA:91,1
DA:93,1
DA:99,1
DA:100,1
DA:102,1
DA:112,1
DA:114,1
DA:115,1
DA:117,1
DA:118,1
DA:119,1
DA:120,1
DA:122,1
DA:126,1
DA:128,1
DA:129,0
DA:135,1
DA:142,1
DA:145,1
DA:147,1
DA:148,1
DA:150,1
DA:156,1
DA:157,1
DA:161,2
DA:162,2
DA:164,2
DA:166,1
DA:167,1
DA:168,1
DA:179,4
DA:180,4
DA:183,0
DA:184,0
DA:185,0
DA:186,0
DA:189,0
DA:190,0
DA:191,0
DA:200,4
DA:201,4
DA:203,0
DA:204,0
DA:205,0
DA:207,4
DA:211,4
DA:212,4
DA:213,4
DA:214,4
DA:215,293
DA:216,293
DA:221,3
DA:222,3
DA:226,9
DA:227,9
LF:76
LH:65
BRDA:25,1,0,7
BRDA:25,1,1,1
BRDA:25,2,0,0
BRDA:25,2,1,7
BRDA:38,3,0,4
BRDA:38,3,1,0
BRDA:39,4,0,4
BRDA:39,4,1,0
BRDA:40,5,0,4
BRDA:40,5,1,0
BRDA:42,6,0,2
BRDA:42,6,1,2
BRDA:77,7,0,2
BRDA:77,7,1,0
BRDA:78,8,0,2
BRDA:78,8,1,0
BRDA:80,9,0,1
BRDA:80,9,1,1
BRDA:84,10,0,1
BRDA:84,10,1,1
BRDA:89,11,0,1
BRDA:89,11,1,0
BRDA:111,12,0,1
BRDA:111,12,1,1
BRDA:112,13,0,1
BRDA:112,13,1,0
BRDA:119,14,0,0
BRDA:119,14,1,1
BRDA:123,15,0,0
BRDA:123,15,1,1
BRDA:128,16,0,0
BRDA:128,16,1,1
BRDA:145,17,0,1
BRDA:145,17,1,0
BRDA:161,18,0,1
BRDA:161,18,1,1
BRDA:164,19,0,1
BRDA:164,19,1,1
BRDA:166,20,0,1
BRDA:166,20,1,0
BRDA:167,21,0,1
BRDA:167,21,1,0
BRDA:179,22,0,4
BRDA:179,22,1,0
BRDA:184,23,0,0
BRDA:184,23,1,0
BRDA:185,24,0,0
BRDA:185,24,1,0
BRDA:190,25,0,0
BRDA:190,25,1,0
BRDA:200,26,0,4
BRDA:200,26,1,0
BRDA:205,27,0,0
BRDA:205,27,1,0
BRDA:207,28,0,4
BRDA:207,28,1,0
BRDA:211,29,0,0
BRDA:211,29,1,4
BRDA:222,30,0,3
BRDA:222,30,1,0
BRDA:222,31,0,0
BRDA:222,31,1,3
BRDA:227,32,0,9
BRDA:227,32,1,0
BRDA:227,33,0,0
BRDA:227,33,1,9
BRF:66
BRH:36
end_of_record
